Copyright 1986-2018 Xilinx, Inc. All Rights Reserved.
------------------------------------------------------------------------------------
| Tool Version : Vivado v.2018.2 (win64) Build 2258646 Thu Jun 14 20:03:12 MDT 2018
| Date         : Mon Oct 15 15:30:36 2018
| Host         : Cyril-Laptop running 64-bit major release  (build 9200)
| Command      : upgrade_ip
| Device       : xc7z020clg484-1
------------------------------------------------------------------------------------

Upgrade Log for IP 'system_AES_IP_0_0'

1. Summary
----------

CAUTION (success, with warnings) in the upgrade of system_AES_IP_0_0 (xilinx.com:user:AES_IP:1.0) from (Rev. 2) to (Rev. 3)

After upgrade, an IP may have parameter and port differences compared to the original customization. Please review the parameters within the IP customization GUI to ensure proper functionality. Also, please review the updated IP instantiation template to ensure proper connectivity, and update your design if required.

2. Connection Warnings
----------------------

Detected external port differences while upgrading 'system_AES_IP_0_0'. These changes may impact your design.


-Upgrade has added port 'aes_on'







Copyright 1986-2018 Xilinx, Inc. All Rights Reserved.
------------------------------------------------------------------------------------
| Tool Version : Vivado v.2018.2 (win64) Build 2258646 Thu Jun 14 20:03:12 MDT 2018
| Date         : Mon Oct 15 15:21:15 2018
| Host         : Cyril-Laptop running 64-bit major release  (build 9200)
| Command      : upgrade_ip
| Device       : xc7z020clg484-1
------------------------------------------------------------------------------------

Upgrade Log for IP 'system_AES_IP_0_0'

1. Summary
----------

SUCCESS in the upgrade of system_AES_IP_0_0 (xilinx.com:user:AES_IP:1.0) from (Rev. 1) to (Rev. 2)






Copyright 1986-2018 Xilinx, Inc. All Rights Reserved.
------------------------------------------------------------------------------------
| Tool Version : Vivado v.2018.2 (win64) Build 2258646 Thu Jun 14 20:03:12 MDT 2018
| Date         : Mon Oct 15 15:16:47 2018
| Host         : Cyril-Laptop running 64-bit major release  (build 9200)
| Command      : upgrade_ip
| Device       : xc7z020clg484-1
------------------------------------------------------------------------------------

Upgrade Log for IP 'system_AES_IP_0_0'

1. Summary
----------

SUCCESS in the conversion of system_AES_IP_0_0 (xilinx.com:user:AES_IP:1.0 (Rev. 1)) to Vivado generation flows.

